number:0
description:a test for a exception specification
:new lines to the same entry can be started with a colon
:the number is sequential and has no special meaning
:
:there are no comments possible in this file
ingroup:test
:a unique identifier for a doxygen module
module:test
:the libloader's or plugin's module name
class:Ok
:a class name which can be used by bindings
:they might add Pre- or Postfixes though
ignore:true
:a generator should always ignore this first entry
:or others which have ignore:true.
:It is for errors which are not relevant anymore
:an empty line will start the next error specification

number:1
ingroup:modules
description:could not load module, dlopen failed
module:dl
severity:warning
class:FailedLoadModuleError
extends:ModuleError

number:2
ingroup:modules
description:could not get pointer to factory, dlsym failed
module:dl
severity:warning
class:FailedResolveSymbolError
extends:ModuleError

number:3
ingroup:modules
description:could not find root key
severity:warning
module:dl

number:4
ingroup:modules
description:could not close a module, dlclose failed
severity:warning
module:dl

number:5
description:failed to open default backend
ingroup:kdb
severity:fatal
class:NoDefaultBackendError
extends:KDBOpenError

number:6
description:Could not call function exported by ELEKTRA_PLUGIN_EXPORT
ingroup:kdb
severity:warning

number:7
description:failed to open trie, continue with default backend
severity:warning
ingroup:kdb

number:8
description:no default backend found, but should be (reason contains keyname)
severity:fatal
ingroup:kdb

number:9
description:Insufficient permissions to open configuration file for writing. You might want to retry as root.
severity:normal
ingroup:kdb
see:75 109 110

number:10
description:general parse error
severity:normal
ingroup:kdb
macro:PARSE

number:11
description:open of plugin returned unsuccessfully (reason contains plugin, see other warnings for details)
severity:warning
ingroup:kdb

number:12
description:kdbClose() failed
severity:warning
ingroup:kdb

number:13
description:processing Get Plugins failed
severity:warning
ingroup:kdb

number:14
description:given mountpoint not valid
severity:warning
ingroup:kdb

number:15
description:processing Set Plugins failed
severity:warning
ingroup:kdb

number:16
description:unrecognised Config Tree
severity:warning
ingroup:kdb

number:17
description:could not get configuration for Trie
severity:warning
ingroup:kdb

number:18
description:names of Plugins must start with a #
severity:warning
ingroup:kdb

number:19
description:names of Plugins must start with the position number as second char
severity:warning
ingroup:kdb

number:20
description:tried to set more plugins than definied in NR_OF_PLUGINS
severity:warning
ingroup:kdb

number:21
description:unknown additional entries in plugin
severity:warning
ingroup:kdb

number:22
unused:yes
description:system/elektra/mountpoints is appended if missing
severity:warning
ingroup:trie

number:23
description:could not find any modules
severity:warning
ingroup:trie

number:24
description:invalid backend was ignored
severity:warning
ingroup:trie

number:25
description:backend has no mountpoint
severity:warning
ingroup:trie

number:26
description:could not open configuration file. You might want to try as root (use sudo !!).
severity:error
ingroup:plugin
module:resolver
macro:COULD_NOT_OPEN

number:27
description:locking yield an error
severity:warning
ingroup:plugin
module:resolver

number:28
description:could not remove file
severity:error
ingroup:plugin
module:resolver

number:29
description:could not stat file
severity:warning
ingroup:plugin
module:resolver

number:30
macro:CONFLICT
description:a conflict occurred: another KDB instance modified the key database
severity:error
ingroup:plugin
module:resolver

number:31
description:could not rename file
severity:error
ingroup:plugin
module:resolver

number:32
description:could not unlock file
severity:warning
ingroup:plugin
module:resolver

number:33
description:could not close file
severity:warning
ingroup:plugin
module:resolver

number:34
description:no file given in configuration, not possible to resolve filename
severity:error
ingroup:plugin
module:resolver

number:35
description:could not resolve filename, not possible to resolve filename
severity:error
ingroup:plugin
module:resolver

number:36
description:could not unlink file
severity:warning
ingroup:plugin
module:resolver

number:37
description:null pointer passed
severity:error
ingroup:kdb

number:38
description:could not build up split
severity:error
ingroup:kdb

number:39
description:not a valid name supplied for a plugin
severity:warning
ingroup:modules
module:dl

number:40
description:failed to open default backend (see warnings for more information)
severity:fatal
ingroup:kdb

number:41
description:could not compile regex
severity:fatal
ingroup:plugin
module:validator

number:42
description:key value failed to validate
severity:fatal
ingroup:plugin
module:validator

number:43
description:failed to open default backend (creation of trie stopped)
severity:warning
ingroup:kdb

number:44
description:unknown error code to trigger
severity:error
ingroup:plugin
module:error

number:45
description:unknown warning code to trigger
severity:warning
ingroup:plugin
module:error

number:46
description:conversation error
severity:error
ingroup:plugin
module:iconv

number:47
description:could not close modules
severity:warning
ingroup:kdb

number:48
unused:yes
description:assertion failure
severity:warning
ingroup:kdb

number:49
description:unknown command detected in dumpfile
severity:error
ingroup:plugin
module:dump

number:50
description:wrong version detected in dumpfile
severity:error
ingroup:plugin
module:dump

number:51
description:value of key is not a valid IP Address
severity:error
ingroup:plugin
module:network

number:52
description:could not type check value of key
severity:error
ingroup:plugin
module:type

number:53
description:could not check the structure of the keyset
severity:error
ingroup:plugin
module:struct

number:54
description:device not found
severity:warning
ingroup:plugin
module:path

number:55
description:directory not found
severity:warning
ingroup:plugin
module:path

number:56
description:given path is not absolute
severity:error
ingroup:plugin
module:path

number:57
description:could not stat file
severity:warning
ingroup:plugin
module:path

number:58
unused:yes
description:could not build up structure checker
severity:warning
ingroup:plugin
module:struct

number:59
description:key name is not valid, discarding key
severity:warning
ingroup:plugin
module:simpleini
macro:INVALID_KEY

number:60
description:invalid line encountered
severity:error
ingroup:plugin
macro:NOEOF
module:storage

number:61
description:parse error
severity:error
ingroup:plugin
module:tcl

number:62
description:tried to get a key from a missing backend
severity:error
ingroup:plugin
module:missing

number:63
description:tried to set a key in a missing backend
severity:error
ingroup:plugin
module:missing

number:64
description:could not load plugin in process plugin
severity:warning
ingroup:modules
module:kdb

number:65
description:could not reference back to plugin
severity:warning
ingroup:modules
module:kdb

number:66
unused:yes
description:could not open kwallet
severity:warning
ingroup:plugin
module:kwallet

number:67
unused:yes
description:could not read from kwallet
severity:error
ingroup:plugin
module:kwallet

number:68
unused:yes
description:not implemented
severity:error
ingroup:plugin

number:69
description:could not create C++ plugin
severity:warning
ingroup:plugin
module:type

number:70
ingroup:modules
description:could not load module, static load failed
module:static
severity:warning
class:FailedLoadModuleError
extends:ModuleError

number:71
ingroup:modules
description:could not get pointer to factory, static sym failed
module:dl
severity:warning
class:FailedResolveSymbolError
extends:ModuleError

number:72
description:could not stat configuration directory
severity:warning
ingroup:plugin
module:resolver

number:73
description:configuration directory is not a directory
severity:error
ingroup:plugin
module:resolver

number:74
description:could not create configuration directory
severity:error
ingroup:plugin
module:resolver

number:75
description:could not open file for writing
severity:error
ingroup:plugin
module:storage
see:9 109 110

number:76
description:error while reading file
severity:error
ingroup:plugin
module:storage
macro:READ_FAILED

number:77
description:Yajl parser error
severity:error
ingroup:plugin
module:yajl

number:78
description:Unknown or unsupported type found during streaming, assume key as string, type lost
severity:warning
ingroup:plugin
module:yajl

number:79
description:postcondition of backend was violated
severity:warning
ingroup:kdb

number:80
description:error during commit (this means backend is broken, reason states where it is mounted)
severity:warning
ingroup:kdb

number:81
description:error during rollback (this means backend is broken, reason states where it is mounted)
severity:warning
ingroup:kdb

number:82
description:error key not found in keyset even though it was found before
severity:warning
ingroup:kdb

number:83
description:resolver was not able to resolve a filename
severity:warning
ingroup:plugin
module:resolver

number:84
description:read only plugin, kdbSet not supported
severity:error
ingroup:kdb

number:85
description:an Augeas error occurred
severity:error
ingroup:plugin
module:storage

number:86
description:no Augeas lens was configured
severity:error
ingroup:plugin
module:storage

number:87
description:memory allocation error
severity:error
ingroup:plugin
macro:MALLOC

number:88
description:could not sync directory
severity:warning
ingroup:plugin
module:resolver

number:89
description:could not sync config file
severity:error
ingroup:plugin
module:sync

number:90
description:could not retrieve from passwd using getpwuid_r
severity:warning
ingroup:plugin
module:resolver

number:91
description:failed to reopen default backend (see warnings for more information)
severity:warning
ingroup:kdb

number:92
description:mounting modules did not work
severity:warning
ingroup:kdb

number:93
description:initial loading of trie did not work
severity:warning
ingroup:kdb

number:94
description:could not initialize the modules
severity:fatal
ingroup:kdb

number:95
description:could not find plugin configuration
severity:fatal
module:regexstore

number:96
description:regex failure
severity:warning
module:regexstore

number:97
description:writing multiline values is not enabled
severity:error
ingroup:plugin
module:storage

number:98
description:invalid ini syntax
severity:error
ingroup:plugin
module:storage

number:99
description:could not update metadata of file
severity:warning
ingroup:plugin
module:resolver

number:100
description:environment variable is not absolute and cannot be used
severity:warning
ingroup:plugin
module:resolver

number:101
description:java exception caught
severity:warning
ingroup:plugin
module:jni

number:102
description:jni/java error
severity:error
ingroup:plugin
module:jni

number:103
description:jni/java warning
severity:warning
ingroup:plugin
module:jni

number:104
description:metakey passed as parentKey
severity:error
ingroup:kdb

number:105
description:invalid (empty) key passed as parentKey. This is only accepted for compatibility reasons. You should use the cascading key / instead.
severity:warning
ingroup:kdb

number:106
description:wrong size detected in dumpfile
severity:error
ingroup:plugin
module:dump

number:107
macro:STATE
description:sync state is wrong, maybe kdbSet() is executed without prior kdbGet(). Reason states mountpoint.
severity:error
ingroup:kdb

number:108
description:wrong keys in postprocessing
severity:warning
ingroup:kdb

number:109
description:insufficient permissions to open configuration file for reading. You might want to retry as root or change access using chmod.
severity:error
ingroup:plugin
module:storage
see:9 75 110

number:110
description:could not open configuration file for reading.
severity:normal
ingroup:plugin
module:storage
see:9 75 109

number:111
description:python error
severity:error
ingroup:plugin
module:python

number:112
description:python warning
severity:warning
ingroup:plugin
module:python

number:113
description:could not open file
severity:error
ingroup:plugin
module:lineendings

number:114
description:invalid line ending
severity:error
ingroup:plugin
module:lineendings

number:115
description:inconsistent line endings
severity:error
ingroup:plugin
module:lineendings

number:116
description:couldn't open file
severity:error
ingroup:plugin
module:csvstorage

number:117
description:invalid number of columns
severity:error
ingroup:plugin
module:csvstorage

number:118
description:problem during parsing of csvfile (see reason)
severity:warning
ingroup:plugin
module:csvstorage

number:119
description:out of memory
severity:error
ingroup:plugin
module:csvstorage

number:120
description:could not compile regex
severity: error
ingroup:plugin
module:enum

number:121
description:validation failed
severity:error
ingroup:plugin
module:enum

number:122
description:not a valid Polish prefix notation syntax
severity:error
ingroup:plugin
module:mathcheck

number:123
description:invalid value
severity:error
ingroup:plugin
module:mathcheck

number:124
description:key does not exist
severity:error
ingroup:plugin
module:mathcheck

number:125
description:failed to initialize the crypto library.
macro:CRYPTO_INIT
severity:error
ingroup:plugin
module:crypto

number:126
description:the crypto library reported an internal error.
macro:CRYPTO_INTERNAL_ERROR
severity:error
ingroup:plugin
module:crypto

number:127
description:encryption failed due to an error reported by the crypto library.
macro:CRYPTO_ENCRYPT_FAIL
severity:error
ingroup:plugin
module:crypto

number:128
description:decryption failed due to an error reported by the crypto library.
macro:CRYPTO_DECRYPT_FAIL
severity:error
ingroup:plugin
module:crypto

number:129
description:decryption failed due to an error reported by the crypto library.
macro:CRYPTO_DECRYPT_WARNING
severity:warning
ingroup:plugin
module:crypto

number:130
description:the configuration is invalid or incomplete.
macro:CRYPTO_CONFIG_FAULT
severity:error
ingroup:plugin
module:crypto

number:131
description:lua error
severity:error
ingroup:plugin
module:lua

number:132
description:lua warning
severity:warning
ingroup:plugin
module:lua

number:133
description:key does not exist
severity:error
ingroup:plugin
module:conditionals

number:134
description:syntax error
severity:error
ingroup:plugin
module:conditionals

number:135
description:validation failed
severity:error
ingroup:plugin
module:conditionals

number:136
description:missing lineending
severity:warning
ingroup:plugin
module:csvstorage

number:137
description:filecheck validation failed
severity:error
ingroup:plugin
module:filecheck

number:138
description:failed to initialize filecheck data
severity:error
ingroup:plugin
module:filecheck

number:139
description:failed to mount global plugins
severity:warning
ingroup:kdb

number:140
description:duplicated section entry in INI file
severity:error
ingroup:plugin
module:ini

number:141
description:duplicated key entry in INI file
severity:error
ingroup:plugin
module:ini

number:142
description:globbing error
severity:error
ingroup:plugin
module:spec

number:143
description:globbing warning
severity:warning
ingroup:plugin
module:spec

number:144
description:shell plugin error
severity:error
ingroup:plugin
module:shell

number:145
description:semlock plugin error
severity:error
ingroup:plugin
module:semlock

number:146
description:could not get current directory
severity:warning
ingroup:plugin
module:resolver
macro:NOCWD

number:147
description:issue while interfacing with git
severity:error
ingroup:plugin
module:gitresolver
macro:GITRESOLVER_RESOLVING_ISSUE

number:148
description:a conflict occurred. There are new commits in the repository.
severity:error
ingroup:plugin
module:gitresolver
macro:GITRESOLVER_CONFLICT

number:149
description:validation of passwd entry failed
severity:error
ingroup:plugin
module:passwd
macro:PASSWD_VALIDATION

number:150
description:failed to generate a random master password.
macro:CRYPTO_RANDOM_GEN
ingroup:plugin
module:crypto
severity:error

number:151
description:error in the GPG module.
macro:CRYPTO_GPG
ingroup:plugin
module:crypto
severity:error

number:152
description:the configuration is invalid or incomplete but a default value can be used instead.
macro:CRYPTO_CONFIG
severity:warning
ingroup:plugin
module:crypto

number:153
description:not a valid boolean value
severity:error
ingroup:plugin
module:boolean
macro:INVALID_BOOL

number:154
description:not a valid boolean value
severity:warning
ingroup:plugin
module:boolean
macro:INVALID_BOOL

number:155
description:failed to extract block
severity:error
ingroup:plugin
module:blockresolver
macro:BLOCKRESOLVER_EXTRACT

number:156
description:end of block not found
severity:error
ingroup:plugin
module:blockresolver
macro:BLOCKRESOLVER_NO_EOB

number:157
description:base64 decoding error. Provided string was not Base64 encoded. The value of the Key has not been modified.
severity:warning
ingroup:plugin
module:base64
macro:BASE64_DECODING

number:158
description:could not increment to next entry
severity:error
ingroup:plugin
module:line
macro:NO_INC

number:159
description:non-required key found
severity:error
ingroup:plugin
module:required
macro:REQUIRED

number:160
description:failed to overwrite the temporary data. Unencrypted data may leak.
severity:error
ingroup:plugin
module:fcrypt
macro:FCRYPT_TMP_FILE

number:161
description:can not replace the existing file with the temporary file.
macro:FCRYPT_RENAME
severity:error
ingroup:plugin
module:fcrypt

number:162
description:hosts validation error. The hosts keyset contains unknown keys. Only keys below ipv4 and ipv6 are allowed.
severity:error
ingroup:plugin
module:storage

number:163
description:Failed to restore the timestamp when the config file was modified last.
severity:warning
ingroup:plugin
module:fcrypt
macro:FCRYPT_FUTIMENS

number:164
description:failed to upload config file.
severity:error
ingroup:plugin
module:curlget
macro:CURL_UPLOAD_FAILED

number:165
description:could not fetch file from remote host, try falling back to local copy.
severity:warning
ingroup:plugin
module:curlget
macro:CURL_LOCAL_FALLBACK

number:166
description:failed to fetch configuration file.
severity:error
ingroup:plugin
module:curlget
macro:CURL_FETCH_FAILED

number:167
description:invalid plugin configuration.
severity:error
ingroup:plugin
module:curlget
macro:CURL_CONFIG_INVALID

number:168
description:validation of date/time string failed.
severity:error
ingroup:plugin
module:date
macro:D_T_FMT

number:169
description:could not stat file
severity:error
ingroup:plugin
module:file
macro:STAT_FAILED

number:170
description:invalid range syntax.
severity:error
ingroup:plugin
module:range
macro:RANGE_SYNTAX

number:171
description:value not within specified range.
severity:error
ingroup:plugin
module:range
macro:INVALID_RANGE

number:172
description:multifile globbing failed.
severity:error
ingroup:plugin
module:multifile
macro:MULTI_GLOB_FAILED

number:173
description:invalid line format pattern
severity:error
ingroup:plugin
macro:INVALID_FORMAT
module:simpleini

number:174
description:general xml error
severity:error
ingroup:plugin
module:xerces

number:175
description:Not a valid key value pair
severity:warning
ingroup:plugin
macro:NOT_VALID_KEY_VALUE_PAIR
module:mini

number:176
description:Neither a GPG recipient (specified as encrypt/key) nor a GPG signature key (specified as sign/key) has been provided. Please provide at least one key.
severity:error
ingroup:plugin
macro:FCRYPT_OPERATION_MODE
module:fcrypt

number:177
description:The provided argument does not identify a valid and useable GPG key.
severity:error
ingroup:plugin
macro:GPG_KEY_INVALID
module:fcrypt

number:178
description:The plugin is in an invalid state. Please report this issue.
severity:error
ingroup:plugin
macro:FCRYPT_STATE
module:fcrypt

number:179
description:Failed to close a file descriptor.
severity:warning
ingroup:plugin
macro:FCRYPT_CLOSE
module:fcrypt

number:180
description:Failed to unlink a temporary file. WARNING: unencrypted data may leak! Please try to delete the file manually.
severity:warning
ingroup:plugin
macro:FCRYPT_UNLINK
module:fcrypt

number:181
description:The provided data could not be recognized as valid cryptographic payload. The data is possibly corrupted.
severity:error
ingroup:plugin
macro:CRYPTO_PAYLOAD
module:crypto

number:182
description:The version of the cryptographic payload is not compatible with the version of the plugin.
severity:error
ingroup:plugin
macro:CRYPTO_VERSION
module:crypto

number:183
description:Unable to write to file
severity:error
ingroup:plugin
module:yamlcpp
macro:YAMLCPP_WRITE_FAILED

number:184
description:Something went wrong while emitting YAML data
severity:error
ingroup:plugin
module:yamlcpp
macro:YAMLCPP_EMITTER_FAILED

number:185
description:Failed to retrieve YAML representation
severity:error
ingroup:plugin
module:yamlcpp
macro:YAMLCPP_REPRESENTATION

number:186
description:ruby warning
severity:warning
ingroup:plugin
module:ruby
macro:RUBY_GEN_WARN

number:187
description:ruby error
severity:error
ingroup:plugin
module:ruby
macro:RUBY_GEN_ERROR

number:188
description:Unable to append directory prefix
severity:error
ingroup:plugin
module:directoryvalue
macro:DIRECTORY_VALUE_APPEND

number:189
description:Unable to insert array value
severity:error
ingroup:plugin
module:directoryvalue
macro:DIRECTORY_VALUE_ARRAY

number:190
description:Failed to initialize the pluginprocess library for a plugin
severity:error
ingroup:plugin
module:pluginprocess
macro:PLUGIN_PROCESS_INITIALIZATION

number:191
description:Failed to communicate with the child process
severity:error
ingroup:plugin
module:pluginprocess
macro:PLUGIN_PROCESS_COMMAND

number:192
description:The mounted specification failed the typecheck
severity:warning
ingroup:plugin
module:typechecker
macro:PLUGIN_TYPECHECKER
